<?xml version="1.0" encoding="UTF-8"?>
<!-- Generated by org.testng.reporters.JUnitReportReporter -->
<testsuite hostname="DESKTOP-AAJN41V" failures="0" tests="1" name="com.selenium.organisation.CreateOrganizationWithRatingAsActiveTest" time="25.790" errors="0" timestamp="13 Dec 2018 09:05:18 GMT">
  <testcase classname="com.selenium.organisation.CreateOrganizationWithRatingAsActiveTest" name="CreateOrganizationWithRatingAsActive" time="25.790"/>
</testsuite> <!-- com.selenium.organisation.CreateOrganizationWithRatingAsActiveTest -->
